<?xml version="1.0" encoding="UTF-8"?>
<!-- Generated by org.testng.reporters.JUnitXMLReporter -->
<testsuite ignored="0" hostname="ASCINLAP60807" failures="0" tests="3" name="Functional Tests" time="103.993" errors="0" timestamp="2025-05-23T19:20:31 IST">
  <testcase classname="tests1.logintest" name="validLoginTest" time="33.215"/>
  <testcase classname="tests1.searchtest" name="SearchTest" time="21.852"/>
  <testcase classname="tests1.RegisterTest" name="registerNewUser" time="17.07"/>
</testsuite> <!-- Functional Tests -->
